<?xml version="1.0" encoding="UTF-8"?>
<!-- Generated by org.testng.reporters.JUnitReportReporter -->
<testsuite skipped="0" hostname="Saiful-PC" name="Pobject.amazonTest" tests="1" failures="0" timestamp="2020-05-22T18:53:16 EDT" time="23.628" errors="0">
  <testcase name="launce" time="23.628" classname="Pobject.amazonTest"/>
  <system-out/>
</testsuite> <!-- Pobject.amazonTest -->
