<?xml version="1.0" encoding="UTF-8"?>
<!-- Generated by org.testng.reporters.JUnitReportReporter -->
<testsuite skipped="0" hostname="Saiful-PC" name="Pobject.amaTest" tests="1" failures="0" timestamp="2020-05-19T14:38:25 EDT" time="20.616" errors="0">
  <testcase name="ara" time="20.616" classname="Pobject.amaTest"/>
  <system-out/>
</testsuite> <!-- Pobject.amaTest -->
