<?xml version="1.0" encoding="UTF-8"?>
<!-- Generated by org.testng.reporters.JUnitReportReporter -->
<testsuite skipped="0" hostname="Saiful-PC" name="Pobject.araTest" tests="1" failures="0" timestamp="2020-05-19T11:34:05 EDT" time="18.088" errors="0">
  <testcase name="test" time="18.088" classname="Pobject.araTest"/>
  <system-out/>
</testsuite> <!-- Pobject.araTest -->
